[  114609ms] SyntaxError: Unexpected end of input
    at HTMLDocument.keyListener (http://localhost:8787/calc/:323:15)
[  188392ms] [LOG] Mutation! [MutationRecord] @ :4
[  188408ms] [LOG] Mutation! [MutationRecord, MutationRecord] @ :4
[  188438ms] [LOG] Mutation! [MutationRecord] @ :4
[  188468ms] [LOG] Mutation! [MutationRecord] @ :4
[  188483ms] [LOG] Mutation! [MutationRecord] @ :4
[  188498ms] [LOG] Mutation! [MutationRecord] @ :4
[  188513ms] [LOG] Mutation! [MutationRecord] @ :4
[  188528ms] [LOG] Mutation! [MutationRecord] @ :4
[  188543ms] [LOG] Mutation! [MutationRecord] @ :4
[  188558ms] [LOG] Mutation! [MutationRecord] @ :4
[  188572ms] [LOG] Mutation! [MutationRecord] @ :4
[  188588ms] [LOG] Mutation! [MutationRecord] @ :4
[  188603ms] [LOG] Mutation! [MutationRecord] @ :4
[  188618ms] [LOG] Mutation! [MutationRecord] @ :4
[  188633ms] [LOG] Mutation! [MutationRecord] @ :4
[  188647ms] [LOG] Mutation! [MutationRecord] @ :4
[  188663ms] [LOG] Mutation! [MutationRecord] @ :4
[  188678ms] [LOG] Mutation! [MutationRecord] @ :4
[  188693ms] [LOG] Mutation! [MutationRecord] @ :4
[  188708ms] [LOG] Mutation! [MutationRecord] @ :4
[  188722ms] [LOG] Mutation! [MutationRecord] @ :4
[  188738ms] [LOG] Mutation! [MutationRecord] @ :4
[  188753ms] [LOG] Mutation! [MutationRecord] @ :4
[  188768ms] [LOG] Mutation! [MutationRecord] @ :4
[  188783ms] [LOG] Mutation! [MutationRecord] @ :4
[  188797ms] [LOG] Mutation! [MutationRecord] @ :4
[  188813ms] [LOG] Mutation! [MutationRecord] @ :4
[  188828ms] [LOG] Mutation! [MutationRecord] @ :4
[  188843ms] [LOG] Mutation! [MutationRecord] @ :4
[  188858ms] [LOG] Mutation! [MutationRecord] @ :4
[  188872ms] [LOG] Mutation! [MutationRecord] @ :4
[  188888ms] [LOG] Mutation! [MutationRecord] @ :4
[  188903ms] [LOG] Mutation! [MutationRecord] @ :4
[  188918ms] [LOG] Mutation! [MutationRecord] @ :4
[  188932ms] [LOG] Mutation! [MutationRecord] @ :4
[  188948ms] [LOG] Mutation! [MutationRecord] @ :4
[  188962ms] [LOG] Mutation! [MutationRecord] @ :4
[  188978ms] [LOG] Mutation! [MutationRecord] @ :4
[  188993ms] [LOG] Mutation! [MutationRecord] @ :4
[  189008ms] [LOG] Mutation! [MutationRecord] @ :4
[  189022ms] [LOG] Mutation! [MutationRecord] @ :4
[  189038ms] [LOG] Mutation! [MutationRecord] @ :4
[  189052ms] [LOG] Mutation! [MutationRecord] @ :4
[  189069ms] [LOG] Mutation! [MutationRecord] @ :4
[  189083ms] [LOG] Mutation! [MutationRecord] @ :4
[  189098ms] [LOG] Mutation! [MutationRecord] @ :4
[  189112ms] [LOG] Mutation! [MutationRecord] @ :4
[  189127ms] [LOG] Mutation! [MutationRecord] @ :4
[  189143ms] [LOG] Mutation! [MutationRecord] @ :4
[  189158ms] [LOG] Mutation! [MutationRecord] @ :4
[  189174ms] [LOG] Mutation! [MutationRecord] @ :4
[  189188ms] [LOG] Mutation! [MutationRecord] @ :4
[  189203ms] [LOG] Mutation! [MutationRecord] @ :4
[  189217ms] [LOG] Mutation! [MutationRecord] @ :4
[  189233ms] [LOG] Mutation! [MutationRecord] @ :4
[  189249ms] [LOG] Mutation! [MutationRecord] @ :4
[  189263ms] [LOG] Mutation! [MutationRecord] @ :4
[  189278ms] [LOG] Mutation! [MutationRecord] @ :4
[  189293ms] [LOG] Mutation! [MutationRecord] @ :4
[  189322ms] [LOG] Mutation! [MutationRecord] @ :4
[  189338ms] [LOG] Mutation! [MutationRecord] @ :4
[  189353ms] [LOG] Mutation! [MutationRecord] @ :4
[  199816ms] [LOG] Mutation! [MutationRecord] @ :4
[  211016ms] [LOG] Mutation! [MutationRecord] @ :4
[  211032ms] [LOG] Mutation! [MutationRecord] @ :4
[  211062ms] [LOG] Mutation! [MutationRecord] @ :4
[  211093ms] [LOG] Mutation! [MutationRecord] @ :4
[  211107ms] [LOG] Mutation! [MutationRecord] @ :4
[  211121ms] [LOG] Mutation! [MutationRecord] @ :4
[  211137ms] [LOG] Mutation! [MutationRecord] @ :4
[  211153ms] [LOG] Mutation! [MutationRecord] @ :4
[  211167ms] [LOG] Mutation! [MutationRecord] @ :4
[  211181ms] [LOG] Mutation! [MutationRecord] @ :4
[  211197ms] [LOG] Mutation! [MutationRecord] @ :4
[  211212ms] [LOG] Mutation! [MutationRecord] @ :4
[  211226ms] [LOG] Mutation! [MutationRecord] @ :4
[  211242ms] [LOG] Mutation! [MutationRecord] @ :4
[  211257ms] [LOG] Mutation! [MutationRecord] @ :4
[  211272ms] [LOG] Mutation! [MutationRecord] @ :4
[  211287ms] [LOG] Mutation! [MutationRecord] @ :4
[  211302ms] [LOG] Mutation! [MutationRecord] @ :4
[  211317ms] [LOG] Mutation! [MutationRecord] @ :4
[  211331ms] [LOG] Mutation! [MutationRecord] @ :4
[  211347ms] [LOG] Mutation! [MutationRecord] @ :4
[  211362ms] [LOG] Mutation! [MutationRecord] @ :4
[  211377ms] [LOG] Mutation! [MutationRecord] @ :4
[  211392ms] [LOG] Mutation! [MutationRecord] @ :4
[  211406ms] [LOG] Mutation! [MutationRecord] @ :4
[  211422ms] [LOG] Mutation! [MutationRecord] @ :4
[  211437ms] [LOG] Mutation! [MutationRecord] @ :4
[  211452ms] [LOG] Mutation! [MutationRecord] @ :4
[  211467ms] [LOG] Mutation! [MutationRecord] @ :4
[  211481ms] [LOG] Mutation! [MutationRecord] @ :4
[  211497ms] [LOG] Mutation! [MutationRecord] @ :4
[  211512ms] [LOG] Mutation! [MutationRecord] @ :4
[  211527ms] [LOG] Mutation! [MutationRecord] @ :4
[  211542ms] [LOG] Mutation! [MutationRecord] @ :4
[  211556ms] [LOG] Mutation! [MutationRecord] @ :4
[  211572ms] [LOG] Mutation! [MutationRecord] @ :4
[  211587ms] [LOG] Mutation! [MutationRecord] @ :4
[  211602ms] [LOG] Mutation! [MutationRecord] @ :4
[  211617ms] [LOG] Mutation! [MutationRecord] @ :4
[  211632ms] [LOG] Mutation! [MutationRecord] @ :4
[  211647ms] [LOG] Mutation! [MutationRecord] @ :4
[  211662ms] [LOG] Mutation! [MutationRecord] @ :4
[  211677ms] [LOG] Mutation! [MutationRecord] @ :4
[  211692ms] [LOG] Mutation! [MutationRecord] @ :4
[  211706ms] [LOG] Mutation! [MutationRecord] @ :4
[  211722ms] [LOG] Mutation! [MutationRecord] @ :4
[  211737ms] [LOG] Mutation! [MutationRecord] @ :4
[  211751ms] [LOG] Mutation! [MutationRecord] @ :4
[  211767ms] [LOG] Mutation! [MutationRecord] @ :4
[  211781ms] [LOG] Mutation! [MutationRecord] @ :4
[  211797ms] [LOG] Mutation! [MutationRecord] @ :4
[  211812ms] [LOG] Mutation! [MutationRecord] @ :4
[  211827ms] [LOG] Mutation! [MutationRecord] @ :4
[  211842ms] [LOG] Mutation! [MutationRecord] @ :4
[  211857ms] [LOG] Mutation! [MutationRecord] @ :4
[  211872ms] [LOG] Mutation! [MutationRecord] @ :4
[  211887ms] [LOG] Mutation! [MutationRecord] @ :4
[  211901ms] [LOG] Mutation! [MutationRecord] @ :4
[  211917ms] [LOG] Mutation! [MutationRecord] @ :4
[  211947ms] [LOG] Mutation! [MutationRecord] @ :4
[  211962ms] [LOG] Mutation! [MutationRecord] @ :4
[  211977ms] [LOG] Mutation! [MutationRecord] @ :4
[  225874ms] [LOG] Mutation! [MutationRecord] @ :4
[  377975ms] SyntaxError: Unexpected end of input
    at HTMLDocument.keyListener (http://localhost:8787/calc/:323:15)
[  550037ms] SyntaxError: Unexpected end of input
    at keyListener (http://localhost:8787/calc/:323:15)
    at document.onkeyup (eval at evaluate (:302:30), <anonymous>:3:56)
[  550037ms] SyntaxError: Unexpected end of input
    at keyListener (http://localhost:8787/calc/:323:15)
    at document.onkeyup (eval at evaluate (:302:30), <anonymous>:3:56)
[  550114ms] SyntaxError: Unexpected end of input
    at keyListener (http://localhost:8787/calc/:323:15)
    at document.onkeyup (eval at evaluate (:302:30), <anonymous>:3:56)
